<?xml version="1.0" encoding="UTF-8"?>
<testsuite xmlns:xsi="http://www.w3.org/2001/XMLSchema-instance" xsi:noNamespaceSchemaLocation="https://maven.apache.org/surefire/maven-surefire-plugin/xsd/surefire-test-report.xsd" name="com.lifan.mavendemo1.AppTest" time="0.184" tests="1" errors="0" skipped="0" failures="0">
  <properties>
    <property name="sun.desktop" value="windows"/>
    <property name="awt.toolkit" value="sun.awt.windows.WToolkit"/>
    <property name="file.encoding.pkg" value="sun.io"/>
    <property name="java.specification.version" value="1.8"/>
    <property name="sun.cpu.isalist" value="amd64"/>
    <property name="sun.jnu.encoding" value="GBK"/>
    <property name="java.class.path" value="E:\workspace\mavendemo1\target\test-classes;E:\workspace\mavendemo1\target\classes;E:\maven_repository\junit\junit\4.11\junit-4.11.jar;E:\maven_repository\org\hamcrest\hamcrest-core\1.3\hamcrest-core-1.3.jar;"/>
    <property name="java.vm.vendor" value="Oracle Corporation"/>
    <property name="sun.arch.data.model" value="64"/>
    <property name="user.variant" value=""/>
    <property name="java.vendor.url" value="http://java.oracle.com/"/>
    <property name="user.timezone" value="Asia/Shanghai"/>
    <property name="java.vm.specification.version" value="1.8"/>
    <property name="os.name" value="Windows 10"/>
    <property name="user.country" value="CN"/>
    <property name="sun.java.launcher" value="SUN_STANDARD"/>
    <property name="sun.boot.library.path" value="D:\Java\jdk1.8.0_172\jre\bin"/>
    <property name="sun.java.command" value="C:\Users\small\AppData\Local\Temp\surefire4054740741345027831\surefirebooter4095500123653441528.jar C:\Users\small\AppData\Local\Temp\surefire4054740741345027831 2020-01-10T15-06-32_994-jvmRun1 surefire8129374605869038318tmp surefire_09098118977286244922tmp"/>
    <property name="surefire.test.class.path" value="E:\workspace\mavendemo1\target\test-classes;E:\workspace\mavendemo1\target\classes;E:\maven_repository\junit\junit\4.11\junit-4.11.jar;E:\maven_repository\org\hamcrest\hamcrest-core\1.3\hamcrest-core-1.3.jar;"/>
    <property name="sun.cpu.endian" value="little"/>
    <property name="user.home" value="C:\Users\small"/>
    <property name="user.language" value="zh"/>
    <property name="java.specification.vendor" value="Oracle Corporation"/>
    <property name="java.home" value="D:\Java\jdk1.8.0_172\jre"/>
    <property name="basedir" value="E:\workspace\mavendemo1"/>
    <property name="file.separator" value="\"/>
    <property name="line.separator" value="&#10;"/>
    <property name="java.vm.specification.vendor" value="Oracle Corporation"/>
    <property name="java.specification.name" value="Java Platform API Specification"/>
    <property name="java.awt.graphicsenv" value="sun.awt.Win32GraphicsEnvironment"/>
    <property name="surefire.real.class.path" value="C:\Users\small\AppData\Local\Temp\surefire4054740741345027831\surefirebooter4095500123653441528.jar"/>
    <property name="sun.boot.class.path" value="D:\Java\jdk1.8.0_172\jre\lib\resources.jar;D:\Java\jdk1.8.0_172\jre\lib\rt.jar;D:\Java\jdk1.8.0_172\jre\lib\sunrsasign.jar;D:\Java\jdk1.8.0_172\jre\lib\jsse.jar;D:\Java\jdk1.8.0_172\jre\lib\jce.jar;D:\Java\jdk1.8.0_172\jre\lib\charsets.jar;D:\Java\jdk1.8.0_172\jre\lib\jfr.jar;D:\Java\jdk1.8.0_172\jre\classes"/>
    <property name="user.script" value=""/>
    <property name="sun.management.compiler" value="HotSpot 64-Bit Tiered Compilers"/>
    <property name="java.runtime.version" value="1.8.0_172-b11"/>
    <property name="user.name" value="small"/>
    <property name="path.separator" value=";"/>
    <property name="os.version" value="10.0"/>
    <property name="java.endorsed.dirs" value="D:\Java\jdk1.8.0_172\jre\lib\endorsed"/>
    <property name="java.runtime.name" value="Java(TM) SE Runtime Environment"/>
    <property name="file.encoding" value="GBK"/>
    <property name="java.vm.name" value="Java HotSpot(TM) 64-Bit Server VM"/>
    <property name="localRepository" value="E:\maven_repository"/>
    <property name="java.vendor.url.bug" value="http://bugreport.sun.com/bugreport/"/>
    <property name="java.io.tmpdir" value="C:\Users\small\AppData\Local\Temp\"/>
    <property name="java.version" value="1.8.0_172"/>
    <property name="user.dir" value="E:\workspace\mavendemo1"/>
    <property name="os.arch" value="amd64"/>
    <property name="java.vm.specification.name" value="Java Virtual Machine Specification"/>
    <property name="java.awt.printerjob" value="sun.awt.windows.WPrinterJob"/>
    <property name="sun.os.patch.level" value=""/>
    <property name="java.library.path" value="D:\Java\jdk1.8.0_172\jre\bin;C:\WINDOWS\Sun\Java\bin;C:\WINDOWS\system32;C:\WINDOWS;D:\Xshell 6\;C:\Program Files (x86)\Common Files\Oracle\Java\javapath;C:\WINDOWS\system32;C:\WINDOWS;C:\WINDOWS\System32\Wbem;C:\WINDOWS\System32\WindowsPowerShell\v1.0\;D:\Java\jdk1.8.0_172\bin\;C:\WINDOWS\System32\OpenSSH\;D:\Program Files\Python36\Scripts;D:\Program Files\Git\cmd;D:\Program Files\nodejs\;D:\apache-tomcat-8.5.31\bin\;D:\mysql-8.0.13-winx64\bin;C:\Program Files (x86)\Common Files\Thunder Network\KanKan\Codecs;D:\MySQL\bin;D:\apache-maven-3.6.1\bin\;C:\Program Files (x86)\Intel\Intel(R) Management Engine Components\DAL;C:\Program Files\Intel\Intel(R) Management Engine Components\DAL;C:\Program Files\Intel\WiFi\bin\;C:\Program Files\Common Files\Intel\WirelessCommon\;C:\Users\small\AppData\Local\Programs\Python\Python35\Scripts\;C:\Users\small\AppData\Local\Programs\Python\Python35\;C:\Users\small\AppData\Local\Programs\Python\Python37\Scripts\;C:\Users\small\AppData\Local\Programs\Python\Python37\;C:\Users\small\AppData\Local\Microsoft\WindowsApps;D:\Program Files\Heroku\bin;C:\Users\small\AppData\Roaming\npm;C:\Program Files\Intel\WiFi\bin\;C:\Program Files\Common Files\Intel\WirelessCommon\;D:\Microsoft VS Code\bin;C:\Users\small\AppData\Local\BypassRuntm;C:\Users\small\AppData\Local\Microsoft\WindowsApps;;D:\JetBrains\IntelliJ IDEA 2019.2\bin;;."/>
    <property name="java.vm.info" value="mixed mode"/>
    <property name="java.vendor" value="Oracle Corporation"/>
    <property name="java.vm.version" value="25.172-b11"/>
    <property name="java.ext.dirs" value="D:\Java\jdk1.8.0_172\jre\lib\ext;C:\WINDOWS\Sun\Java\lib\ext"/>
    <property name="sun.io.unicode.encoding" value="UnicodeLittle"/>
    <property name="java.class.version" value="52.0"/>
  </properties>
  <testcase name="shouldAnswerWithTrue" classname="com.lifan.mavendemo1.AppTest" time="0.001"/>
</testsuite>